<?xml version="1.0" encoding="UTF-8"?>
<!-- Generated by org.testng.reporters.JUnitReportReporter -->
<testsuite hostname="Hridhan" failures="0" tests="1" name="POM_DDF_PAGEFACTORY_BASE_UTILITYCLASS.PBLoginTest" time="14.342" errors="0" timestamp="2023-06-29T22:55:31 IST" skipped="0">
  <testcase classname="POM_DDF_PAGEFACTORY_BASE_UTILITYCLASS.PBLoginTest" name="verifyFullName" time="14.342"/>
  <system-out/>
</testsuite> <!-- POM_DDF_PAGEFACTORY_BASE_UTILITYCLASS.PBLoginTest -->
