<?xml version="1.0" encoding="UTF-8"?>
<!-- Generated by org.testng.reporters.JUnitReportReporter -->
<testsuite hostname="Hridhan" failures="0" tests="1" name="TestNGGrouping.Example_groupingTestcase1" time="0.013" errors="0" timestamp="2023-06-15T22:33:04 CEST" skipped="0">
  <testcase classname="TestNGGrouping.Example_groupingTestcase1" name="Tc1" time="0.013"/>
  <system-out>
    <![CDATA[Tc1 running]]>
  </system-out>
</testsuite> <!-- TestNGGrouping.Example_groupingTestcase1 -->
