<?xml version="1.0" encoding="UTF-8"?>
<!-- Generated by org.testng.reporters.JUnitReportReporter -->
<testsuite hostname="Hridhan" failures="0" tests="1" name="TestNGParallelExecution.Example1_Parallel1" time="9.471" errors="0" timestamp="2023-06-15T22:45:03 CEST" skipped="0">
  <testcase classname="TestNGParallelExecution.Example1_Parallel1" name="TC1" time="9.471"/>
  <system-out/>
</testsuite> <!-- TestNGParallelExecution.Example1_Parallel1 -->
