<?xml version="1.0" encoding="UTF-8"?>
<!-- Generated by org.testng.reporters.JUnitReportReporter -->
<testsuite hostname="Hridhan" failures="0" tests="1" name="TestNGAssertion.Ex_AsserEquals" time="0.014" errors="0" timestamp="2023-06-15T22:59:55 CEST" skipped="0">
  <testcase classname="TestNGAssertion.Ex_AsserEquals" name="TC1" time="0.014"/>
  <system-out/>
</testsuite> <!-- TestNGAssertion.Ex_AsserEquals -->
