<?xml version="1.0" encoding="UTF-8"?>
<!-- Generated by org.testng.reporters.JUnitReportReporter -->
<testsuite hostname="Hridhan" failures="0" tests="1" name="TestNGAnnotation.Ex_timeout" time="3.027" errors="0" timestamp="2023-07-03T14:08:17 IST" skipped="0">
  <testcase classname="TestNGAnnotation.Ex_timeout" name="logout" time="3.027"/>
  <system-out>
    <![CDATA[TC running]]>
  </system-out>
</testsuite> <!-- TestNGAnnotation.Ex_timeout -->
