<?xml version="1.0" encoding="UTF-8"?>
<!-- Generated by org.testng.reporters.JUnitReportReporter -->
<testsuite hostname="Hridhan" failures="0" tests="1" name="TestNGParallelExecution.Example2_Parallel2" time="10.932" errors="0" timestamp="2023-06-15T22:45:03 CEST" skipped="0">
  <testcase classname="TestNGParallelExecution.Example2_Parallel2" name="TC2" time="10.932"/>
  <system-out/>
</testsuite> <!-- TestNGParallelExecution.Example2_Parallel2 -->
