<?xml version="1.0" encoding="UTF-8"?>
<!-- Generated by org.testng.reporters.JUnitReportReporter -->
<testsuite hostname="Hridhan" failures="0" tests="2" name="TEstNGMultipleBrowser.Ex_MultipleBrowser" time="18.930" errors="0" timestamp="2023-06-18T11:44:10 CEST" skipped="0">
  <testcase classname="TEstNGMultipleBrowser.Ex_MultipleBrowser" name="Tc1" time="9.846"/>
  <system-out/>
  <testcase classname="TEstNGMultipleBrowser.Ex_MultipleBrowser" name="Tc1" time="9.084"/>
  <system-out/>
</testsuite> <!-- TEstNGMultipleBrowser.Ex_MultipleBrowser -->
