<?xml version="1.0" encoding="UTF-8"?>
<!-- Generated by org.testng.reporters.JUnitReportReporter -->
<testsuite hostname="Hridhan" failures="0" tests="1" name="POM_DDF_PAGEFACTORY_TestNG_BaseClass_UtilityClass.PBLoginTest" time="13.939" errors="0" timestamp="2023-06-29T23:15:26 IST" skipped="0">
  <testcase classname="POM_DDF_PAGEFACTORY_TestNG_BaseClass_UtilityClass.PBLoginTest" name="verifyFullName" time="13.939"/>
  <system-out/>
</testsuite> <!-- POM_DDF_PAGEFACTORY_TestNG_BaseClass_UtilityClass.PBLoginTest -->
